<?xml version="1.0" encoding="UTF-8"?>
<testsuite xmlns:xsi="http://www.w3.org/2001/XMLSchema-instance" xsi:noNamespaceSchemaLocation="https://maven.apache.org/surefire/maven-surefire-plugin/xsd/surefire-test-report-3.0.xsd" version="3.0" name="com.github.javarushcommunity.javarush_telegrambot.JavarushTelegramBotApplicationTests" time="2.423" tests="1" errors="0" skipped="0" failures="0">
  <properties>
[...]
</properties>
  <testcase name="contextLoads" classname="com.github.javarushcommunity.javarush_telegrambot.JavarushTelegramBotApplicationTests" time="0.756">
    <system-out><![CDATA[23:00:41.566 [main] INFO org.springframework.test.context.support.AnnotationConfigContextLoaderUtils -- Could not detect default configuration classes for test class [com.github.javarushcommunity.javarush_telegrambot.JavarushTelegramBotApplicationTests]: JavarushTelegramBotApplicationTests does not declare any static, non-private, non-final, nested classes annotated with @Configuration.
23:00:41.686 [main] INFO org.springframework.boot.test.context.SpringBootTestContextBootstrapper -- Found @SpringBootConfiguration com.github.javarushcommunity.javarush_telegrambot.JavarushTelegramBotApplication for test class com.github.javarushcommunity.javarush_telegrambot.JavarushTelegramBotApplicationTests

  .   ____          _            __ _ _
 /\\ / ___'_ __ _ _(_)_ __  __ _ \ \ \ \
( ( )\___ | '_ | '_| | '_ \/ _` | \ \ \ \
 \\/  ___)| |_)| | | | | || (_| |  ) ) ) )
  '  |____| .__|_| |_|_| |_\__, | / / / /
 =========|_|==============|___/=/_/_/_/

 :: Spring Boot ::                (v3.3.3)

2024-09-02T23:00:42.105+03:00  INFO 15400 --- [Javarush TelegramBot] [           main] .j.j.JavarushTelegramBotApplicationTests : Starting JavarushTelegramBotApplicationTests using Java 17.0.11 with PID 15400 (started by User in C:\Java\javarush-telegrambot)
2024-09-02T23:00:42.107+03:00  INFO 15400 --- [Javarush TelegramBot] [           main] .j.j.JavarushTelegramBotApplicationTests : No active profile set, falling back to 1 default profile: "default"
2024-09-02T23:00:43.033+03:00  INFO 15400 --- [Javarush TelegramBot] [           main] .j.j.JavarushTelegramBotApplicationTests : Started JavarushTelegramBotApplicationTests in 1.184 seconds (process running for 2.156)
]]></system-out>
  </testcase>
</testsuite>